<?xml version="1.0" encoding="UTF-8"?>
<!-- Generated by org.testng.reporters.JUnitReportReporter -->
<testsuite skipped="0" hostname="Dell-PC" name="Grid_2" tests="1" failures="0" timestamp="30 May 2017 17:05:51 GMT" time="1.952" errors="0">
  <testcase name="simpleTest" time="1.952" classname="Grid_2"/>
</testsuite> <!-- Grid_2 -->
