<?xml version="1.0" encoding="UTF-8"?>
<!-- Generated by org.testng.reporters.JUnitReportReporter -->
<testsuite skipped="0" hostname="Dell-PC" name="Grid_MultiBrowser" tests="6" failures="0" timestamp="30 May 2017 19:00:29 GMT" time="56.005" errors="0">
  <testcase name="waitForButtonEnabled" time="16.397" classname="Grid_MultiBrowser"/>
  <testcase name="testCalc" time="3.645" classname="Grid_MultiBrowser"/>
  <testcase name="testCalc" time="2.404" classname="Grid_MultiBrowser"/>
  <testcase name="waitForButtonEnabled" time="12.967" classname="Grid_MultiBrowser"/>
  <testcase name="testCalc" time="7.240" classname="Grid_MultiBrowser"/>
  <testcase name="waitForButtonEnabled" time="13.352" classname="Grid_MultiBrowser"/>
</testsuite> <!-- Grid_MultiBrowser -->
