<?xml version="1.0" encoding="UTF-8"?>
<!-- Generated by org.testng.reporters.JUnitReportReporter -->
<testsuite skipped="0" hostname="Dell-PC" name="database.MySqlConnect" tests="1" failures="0" timestamp="17 Jun 2017 13:04:19 GMT" time="0.601" errors="0">
  <testcase name="testDB" time="0.601" classname="database.MySqlConnect"/>
</testsuite> <!-- database.MySqlConnect -->
